[debug] [2023-08-21T17:03:03.063Z] ----------------------------------------------------------------------
[debug] [2023-08-21T17:03:03.069Z] Command:       C:\Program Files\nodejs\node.exe C:\Users\Malik Ijaz\AppData\Roaming\npm\node_modules\firebase-tools\lib\bin\firebase.js init
[debug] [2023-08-21T17:03:03.070Z] CLI Version:   12.4.8
[debug] [2023-08-21T17:03:03.071Z] Platform:      win32
[debug] [2023-08-21T17:03:03.071Z] Node Version:  v18.16.0
[debug] [2023-08-21T17:03:03.073Z] Time:          Mon Aug 21 2023 10:03:03 GMT-0700 (Pacific Daylight Time)
[debug] [2023-08-21T17:03:03.075Z] ----------------------------------------------------------------------
[debug] 
[debug] [2023-08-21T17:03:03.096Z] > command requires scopes: ["email","openid","https://www.googleapis.com/auth/cloudplatformprojects.readonly","https://www.googleapis.com/auth/firebase","https://www.googleapis.com/auth/cloud-platform"]
[debug] [2023-08-21T17:03:03.098Z] > authorizing via signed-in user (samishaikhabid@gmail.com)
[info] 
     ######## #### ########  ######## ########     ###     ######  ########
     ##        ##  ##     ## ##       ##     ##  ##   ##  ##       ##
     ######    ##  ########  ######   ########  #########  ######  ######
     ##        ##  ##    ##  ##       ##     ## ##     ##       ## ##
     ##       #### ##     ## ######## ########  ##     ##  ######  ########

You're about to initialize a Firebase project in this directory:

  C:\Users\Malik Ijaz\Desktop\react sir inzi\hello-world

[info] 
=== Project Setup
[info] 
[info] First, let's associate this project directory with a Firebase project.
[info] You can create multiple project aliases by running firebase use --add, 
[info] but for now we'll just set up a default project.
[info] 
[info] i  If you want to create a project in a Google Cloud organization or folder, please use "firebase projects:create" instead, and return to this command when you've created the project. 
[debug] [2023-08-21T17:04:18.580Z] ----------------------------------------------------------------------
[debug] [2023-08-21T17:04:18.585Z] Command:       C:\Program Files\nodejs\node.exe C:\Users\Malik Ijaz\AppData\Roaming\npm\node_modules\firebase-tools\lib\bin\firebase.js init
[debug] [2023-08-21T17:04:18.586Z] CLI Version:   12.4.8
[debug] [2023-08-21T17:04:18.587Z] Platform:      win32
[debug] [2023-08-21T17:04:18.588Z] Node Version:  v18.16.0
[debug] [2023-08-21T17:04:18.590Z] Time:          Mon Aug 21 2023 10:04:18 GMT-0700 (Pacific Daylight Time)
[debug] [2023-08-21T17:04:18.590Z] ----------------------------------------------------------------------
[debug] 
[debug] [2023-08-21T17:04:18.611Z] > command requires scopes: ["email","openid","https://www.googleapis.com/auth/cloudplatformprojects.readonly","https://www.googleapis.com/auth/firebase","https://www.googleapis.com/auth/cloud-platform"]
[debug] [2023-08-21T17:04:18.613Z] > authorizing via signed-in user (samishaikhabid@gmail.com)
[info] 
     ######## #### ########  ######## ########     ###     ######  ########
     ##        ##  ##     ## ##       ##     ##  ##   ##  ##       ##
     ######    ##  ########  ######   ########  #########  ######  ######
     ##        ##  ##    ##  ##       ##     ## ##     ##       ## ##
     ##       #### ##     ## ######## ########  ##     ##  ######  ########

You're about to initialize a Firebase project in this directory:

  C:\Users\Malik Ijaz\Desktop\react sir inzi\hello-world

[info] 
=== Project Setup
[info] 
[info] First, let's associate this project directory with a Firebase project.
[info] You can create multiple project aliases by running firebase use --add, 
[info] but for now we'll just set up a default project.
[info] 
[debug] [2023-08-21T17:04:38.060Z] >>> [apiv2][query] GET https://firebase.googleapis.com/v1beta1/projects pageSize=100
[debug] [2023-08-21T17:04:38.952Z] <<< [apiv2][status] GET https://firebase.googleapis.com/v1beta1/projects 200
[debug] [2023-08-21T17:04:38.952Z] <<< [apiv2][body] GET https://firebase.googleapis.com/v1beta1/projects [omitted]
[debug] [2023-08-21T17:15:24.884Z] ----------------------------------------------------------------------
[debug] [2023-08-21T17:15:24.889Z] Command:       C:\Program Files\nodejs\node.exe C:\Users\Malik Ijaz\AppData\Roaming\npm\node_modules\firebase-tools\lib\bin\firebase.js init
[debug] [2023-08-21T17:15:24.890Z] CLI Version:   12.4.8
[debug] [2023-08-21T17:15:24.891Z] Platform:      win32
[debug] [2023-08-21T17:15:24.892Z] Node Version:  v18.16.0
[debug] [2023-08-21T17:15:24.894Z] Time:          Mon Aug 21 2023 10:15:24 GMT-0700 (Pacific Daylight Time)
[debug] [2023-08-21T17:15:24.894Z] ----------------------------------------------------------------------
[debug] 
[debug] [2023-08-21T17:15:24.915Z] > command requires scopes: ["email","openid","https://www.googleapis.com/auth/cloudplatformprojects.readonly","https://www.googleapis.com/auth/firebase","https://www.googleapis.com/auth/cloud-platform"]
[debug] [2023-08-21T17:15:24.917Z] > authorizing via signed-in user (samishaikhabid@gmail.com)
[info] 
     ######## #### ########  ######## ########     ###     ######  ########
     ##        ##  ##     ## ##       ##     ##  ##   ##  ##       ##
     ######    ##  ########  ######   ########  #########  ######  ######
     ##        ##  ##    ##  ##       ##     ## ##     ##       ## ##
     ##       #### ##     ## ######## ########  ##     ##  ######  ########

You're about to initialize a Firebase project in this directory:

  C:\Users\Malik Ijaz\Desktop\react sir inzi\hello-world

[info] 
=== Project Setup
[info] 
[info] First, let's associate this project directory with a Firebase project.
[info] You can create multiple project aliases by running firebase use --add, 
[info] but for now we'll just set up a default project.
[info] 
[debug] [2023-08-21T17:15:43.661Z] >>> [apiv2][query] GET https://firebase.googleapis.com/v1beta1/projects pageSize=100
[debug] [2023-08-21T17:15:44.593Z] <<< [apiv2][status] GET https://firebase.googleapis.com/v1beta1/projects 200
[debug] [2023-08-21T17:15:44.594Z] <<< [apiv2][body] GET https://firebase.googleapis.com/v1beta1/projects [omitted]
[debug] [2023-08-21T17:16:21.882Z] ----------------------------------------------------------------------
[debug] [2023-08-21T17:16:21.888Z] Command:       C:\Program Files\nodejs\node.exe C:\Users\Malik Ijaz\AppData\Roaming\npm\node_modules\firebase-tools\lib\bin\firebase.js init
[debug] [2023-08-21T17:16:21.889Z] CLI Version:   12.4.8
[debug] [2023-08-21T17:16:21.890Z] Platform:      win32
[debug] [2023-08-21T17:16:21.891Z] Node Version:  v18.16.0
[debug] [2023-08-21T17:16:21.892Z] Time:          Mon Aug 21 2023 10:16:21 GMT-0700 (Pacific Daylight Time)
[debug] [2023-08-21T17:16:21.893Z] ----------------------------------------------------------------------
[debug] 
[debug] [2023-08-21T17:16:21.915Z] > command requires scopes: ["email","openid","https://www.googleapis.com/auth/cloudplatformprojects.readonly","https://www.googleapis.com/auth/firebase","https://www.googleapis.com/auth/cloud-platform"]
[debug] [2023-08-21T17:16:21.917Z] > authorizing via signed-in user (samishaikhabid@gmail.com)
[info] 
     ######## #### ########  ######## ########     ###     ######  ########
     ##        ##  ##     ## ##       ##     ##  ##   ##  ##       ##
     ######    ##  ########  ######   ########  #########  ######  ######
     ##        ##  ##    ##  ##       ##     ## ##     ##       ## ##
     ##       #### ##     ## ######## ########  ##     ##  ######  ########

You're about to initialize a Firebase project in this directory:

  C:\Users\Malik Ijaz\Desktop\react sir inzi\hello-world

[info] 
=== Project Setup
[info] 
[info] First, let's associate this project directory with a Firebase project.
[info] You can create multiple project aliases by running firebase use --add, 
[info] but for now we'll just set up a default project.
[info] 
[info] i  If you want to create a project in a Google Cloud organization or folder, please use "firebase projects:create" instead, and return to this command when you've created the project. 
